\BOOKMARK [1][-]{section.1}{\376\377\000I\000n\000t\000r\000o\000d\000u\000c\000t\000i\000o\000n}{}% 1
\BOOKMARK [1][-]{section.2}{\376\377\000O\000b\000j\000e\000c\000t\000i\000f\000s\000\040\000d\000u\000\040\000p\000r\000o\000j\000e\000t}{}% 2
\BOOKMARK [1][-]{section.3}{\376\377\000V\000u\000e\000\040\000d\000'\000e\000n\000s\000e\000m\000b\000l\000e\000\040\000d\000e\000\040\000l\000'\000a\000p\000p\000l\000i\000c\000a\000t\000i\000o\000n}{}% 3
\BOOKMARK [2][-]{subsection.3.1}{\376\377\000A\000r\000c\000h\000i\000t\000e\000c\000t\000u\000r\000e\000\040\000g\000\351\000n\000\351\000r\000a\000l\000e}{section.3}% 4
\BOOKMARK [1][-]{section.4}{\376\377\000F\000o\000n\000c\000t\000i\000o\000n\000n\000a\000l\000i\000t\000\351\000s\000\040\000p\000r\000i\000n\000c\000i\000p\000a\000l\000e\000s}{}% 5
\BOOKMARK [1][-]{section.5}{\376\377\000I\000n\000t\000e\000r\000f\000a\000c\000e\000\040\000u\000t\000i\000l\000i\000s\000a\000t\000e\000u\000r}{}% 6
\BOOKMARK [2][-]{subsection.5.1}{\376\377\000F\000e\000n\000\352\000t\000r\000e\000\040\000p\000r\000i\000n\000c\000i\000p\000a\000l\000e}{section.5}% 7
\BOOKMARK [2][-]{subsection.5.2}{\376\377\000P\000o\000p\000-\000u\000p\000s\000\040\000e\000t\000\040\000a\000l\000e\000r\000t\000e\000s}{section.5}% 8
\BOOKMARK [1][-]{section.6}{\376\377\000S\000p\000\351\000c\000i\000f\000i\000c\000a\000t\000i\000o\000n\000s\000\040\000f\000o\000n\000c\000t\000i\000o\000n\000n\000e\000l\000l\000e\000s}{}% 9
\BOOKMARK [2][-]{subsection.6.1}{\376\377\000C\000a\000s\000\040\000d\000'\000u\000t\000i\000l\000i\000s\000a\000t\000i\000o\000n\000\040\000p\000r\000i\000n\000c\000i\000p\000a\000u\000x}{section.6}% 10
\BOOKMARK [2][-]{subsection.6.2}{\376\377\000G\000e\000s\000t\000i\000o\000n\000\040\000d\000e\000s\000\040\000e\000r\000r\000e\000u\000r\000s}{section.6}% 11
\BOOKMARK [1][-]{section.7}{\376\377\000S\000p\000\351\000c\000i\000f\000i\000c\000a\000t\000i\000o\000n\000s\000\040\000t\000e\000c\000h\000n\000i\000q\000u\000e\000s}{}% 12
\BOOKMARK [1][-]{section.8}{\376\377\000D\000o\000n\000n\000\351\000e\000s\000\040\000d\040\031\000e\000n\000t\000r\000\351\000e\000\040\000/\000\040\000s\000o\000r\000t\000i\000e}{}% 13
\BOOKMARK [2][-]{subsection.8.1}{\376\377\000E\000n\000t\000r\000\351\000e\000s\000\040\000p\000o\000s\000s\000i\000b\000l\000e\000s}{section.8}% 14
\BOOKMARK [2][-]{subsection.8.2}{\376\377\000S\000o\000r\000t\000i\000e\000s\000\040\000a\000t\000t\000e\000n\000d\000u\000e\000s}{section.8}% 15
\BOOKMARK [1][-]{section.9}{\376\377\000\311\000v\000o\000l\000u\000t\000i\000o\000n\000s\000\040\000p\000o\000s\000s\000i\000b\000l\000e\000s}{}% 16
\BOOKMARK [1][-]{section.10}{\376\377\000R\000e\000c\000o\000n\000n\000a\000i\000s\000s\000a\000n\000c\000e\000\040\000V\000o\000c\000a\000l\000e\000\040\000:\000\040\000d\000\351\000f\000i\000s\000\040\000e\000t\000\040\000s\000o\000l\000u\000t\000i\000o\000n\000s}{}% 17
\BOOKMARK [2][-]{subsection.10.1}{\376\377\000L\000i\000m\000i\000t\000e\000s\000\040\000d\000e\000s\000\040\000m\000o\000d\000\350\000l\000e\000s\000\040\000a\000v\000a\000n\000c\000\351\000s\000\040\000c\000o\000m\000m\000e\000\040\000W\000h\000i\000s\000p\000e\000r}{section.10}% 18
\BOOKMARK [2][-]{subsection.10.2}{\376\377\000C\000h\000o\000i\000x\000\040\000d\000e\000\040\000l\000'\000A\000P\000I\000\040\000G\000o\000o\000g\000l\000e\000\040\000S\000p\000e\000e\000c\000h\000\040\000R\000e\000c\000o\000g\000n\000i\000z\000e\000r}{section.10}% 19
\BOOKMARK [2][-]{subsection.10.3}{\376\377\000L\000i\000m\000i\000t\000a\000t\000i\000o\000n\000s\000\040\000d\000e\000\040\000l\040\031\000A\000P\000I\000\040\000G\000o\000o\000g\000l\000e}{section.10}% 20
\BOOKMARK [2][-]{subsection.10.4}{\376\377\000S\000o\000l\000u\000t\000i\000o\000n\000s\000\040\000p\000r\000\351\000v\000u\000e\000s}{section.10}% 21
\BOOKMARK [2][-]{subsection.10.5}{\376\377\000P\000e\000r\000s\000p\000e\000c\000t\000i\000v\000e\000s}{section.10}% 22
\BOOKMARK [1][-]{section.11}{\376\377\000A\000n\000n\000e\000x\000e\000s}{}% 23
